<?xml version="1.0" encoding="UTF-8"?>
<testng-results ignored="0" total="1" passed="1" failed="0" skipped="0">
  <reporter-output>
  </reporter-output>
  <suite started-at="2025-05-08T02:25:38 IST" name="Suite" finished-at="2025-05-08T02:25:51 IST" duration-ms="13115">
    <groups>
    </groups>
    <test started-at="2025-05-08T02:25:38 IST" name="Test" finished-at="2025-05-08T02:25:51 IST" duration-ms="13115">
      <class name="testCases.TC001_AccRegistartionTest">
        <test-method is-config="true" signature="setup()[pri:0, instance:testCases.TC001_AccRegistartionTest@235834f2]" started-at="2025-05-08T02:25:38 IST" name="setup" finished-at="2025-05-08T02:25:45 IST" duration-ms="6889" status="PASS">
          <reporter-output>
          </reporter-output>
        </test-method> <!-- setup -->
        <test-method signature="verify_accRegistration()[pri:0, instance:testCases.TC001_AccRegistartionTest@235834f2]" started-at="2025-05-08T02:25:45 IST" name="verify_accRegistration" finished-at="2025-05-08T02:25:51 IST" duration-ms="5750" status="PASS">
          <reporter-output>
          </reporter-output>
        </test-method> <!-- verify_accRegistration -->
        <test-method is-config="true" signature="tearDown()[pri:0, instance:testCases.TC001_AccRegistartionTest@235834f2]" started-at="2025-05-08T02:25:51 IST" name="tearDown" finished-at="2025-05-08T02:25:51 IST" duration-ms="394" status="PASS">
          <reporter-output>
          </reporter-output>
        </test-method> <!-- tearDown -->
      </class> <!-- testCases.TC001_AccRegistartionTest -->
    </test> <!-- Test -->
  </suite> <!-- Suite -->
</testng-results>
